2026-02-03 12:39:29,103 DEBUG Calling on_part_begin with no data
2026-02-03 12:39:29,103 DEBUG Calling on_header_field with data[42:61]
2026-02-03 12:39:29,103 DEBUG Calling on_header_value with data[63:134]
2026-02-03 12:39:29,103 DEBUG Calling on_header_end with no data
2026-02-03 12:39:29,103 DEBUG Calling on_header_field with data[136:148]
2026-02-03 12:39:29,103 DEBUG Calling on_header_value with data[150:160]
2026-02-03 12:39:29,103 DEBUG Calling on_header_end with no data
2026-02-03 12:39:29,103 DEBUG Calling on_headers_finished with no data
2026-02-03 12:39:29,104 DEBUG Calling on_part_data with data[164:89853]
2026-02-03 12:39:29,104 DEBUG Calling on_part_data with data[0:1]
2026-02-03 12:39:29,104 DEBUG Calling on_part_data with data[89854:104110]
2026-02-03 12:39:29,104 DEBUG Calling on_part_data with data[0:1]
2026-02-03 12:39:29,104 DEBUG Calling on_part_data with data[104111:104260]
2026-02-03 12:39:29,104 DEBUG Calling on_part_end with no data
2026-02-03 12:39:29,104 DEBUG Calling on_end with no data
2026-02-03 16:05:58,582 DEBUG Calling on_part_begin with no data
2026-02-03 16:05:58,582 DEBUG Calling on_header_field with data[42:61]
2026-02-03 16:05:58,582 DEBUG Calling on_header_value with data[63:134]
2026-02-03 16:05:58,582 DEBUG Calling on_header_end with no data
2026-02-03 16:05:58,582 DEBUG Calling on_header_field with data[136:148]
2026-02-03 16:05:58,582 DEBUG Calling on_header_value with data[150:160]
2026-02-03 16:05:58,582 DEBUG Calling on_header_end with no data
2026-02-03 16:05:58,582 DEBUG Calling on_headers_finished with no data
2026-02-03 16:05:58,583 DEBUG Calling on_part_data with data[164:67521]
2026-02-03 16:05:58,583 DEBUG Calling on_part_data with data[0:1]
2026-02-03 16:05:58,583 DEBUG Calling on_part_data with data[67522:91409]
2026-02-03 16:05:58,583 DEBUG Calling on_part_data with data[0:1]
2026-02-03 16:05:58,583 DEBUG Calling on_part_data with data[91410:212992]
2026-02-03 16:05:58,583 DEBUG Calling on_part_data with data[0:27464]
2026-02-03 16:05:58,583 DEBUG Calling on_part_data with data[0:1]
2026-02-03 16:05:58,583 DEBUG Calling on_part_data with data[27465:27487]
2026-02-03 16:05:58,584 DEBUG Calling on_part_end with no data
2026-02-03 16:05:58,584 DEBUG Calling on_end with no data
2026-02-03 20:07:09,069 DEBUG Calling on_part_begin with no data
2026-02-03 20:07:09,069 DEBUG Calling on_header_field with data[42:61]
2026-02-03 20:07:09,069 DEBUG Calling on_header_value with data[63:134]
2026-02-03 20:07:09,069 DEBUG Calling on_header_end with no data
2026-02-03 20:07:09,069 DEBUG Calling on_header_field with data[136:148]
2026-02-03 20:07:09,069 DEBUG Calling on_header_value with data[150:160]
2026-02-03 20:07:09,069 DEBUG Calling on_header_end with no data
2026-02-03 20:07:09,069 DEBUG Calling on_headers_finished with no data
2026-02-03 20:07:09,069 DEBUG Calling on_part_data with data[164:16384]
2026-02-03 20:07:09,070 DEBUG Calling on_part_data with data[0:87876]
2026-02-03 20:07:09,070 DEBUG Calling on_part_end with no data
2026-02-03 20:07:09,070 DEBUG Calling on_end with no data
2026-02-04 22:55:33 | INFO     | aipipeline:<module>:13 | Starting AI Production Pipeline Master Server...
2026-02-04 23:43:26 | INFO     | aipipeline:<module>:13 | Starting AI Production Pipeline Master Server...
2026-02-05 00:13:58 | INFO     | aipipeline:<module>:13 | Starting AI Production Pipeline Master Server...
